<?xml version="1.0" encoding="UTF-8"?><testsuite errors="0" failures="0" name="com.bestbuy.crudtest.ProductsCRUDTest" skipped="0" tests="4" time="8.77" timestamp="2023-06-07T22:38:01.953+01:00[Europe/London]"><testcase classname="com.bestbuy.crudtest.ProductsCRUDTest" name="Creating a new product."/><testcase classname="com.bestbuy.crudtest.ProductsCRUDTest" name="Getting single product."/><testcase classname="com.bestbuy.crudtest.ProductsCRUDTest" name="Updating the product."/><testcase classname="com.bestbuy.crudtest.ProductsCRUDTest" name="Deleting the product and verifying the deletion."/></testsuite>